<?xml version="1.0" encoding="UTF-8"?>
<!-- Generated by org.testng.reporters.JUnitReportReporter -->
<testsuite hostname="ABHINAY" failures="0" tests="2" name="abhiTEST.TestNGTest" time="0.017" errors="0" timestamp="08 Jan 2022 03:29:12 GMT" skipped="0">
  <testcase classname="abhiTEST.TestNGTest" name="test1" time="0.010"/>
  <testcase classname="abhiTEST.TestNGTest" name="test2" time="0.007"/>
</testsuite> <!-- abhiTEST.TestNGTest -->
