<?xml version="1.0" encoding="UTF-8"?>
<!-- Generated by org.testng.reporters.JUnitReportReporter -->
<testsuite hostname="ABHINAY" failures="0" tests="1" name="com.qateam.testcases.ContactUs_TC" time="19.416" errors="0" timestamp="2022-01-18T18:07:00 IST" skipped="0">
  <testcase classname="com.qateam.testcases.ContactUs_TC" name="verifyContactUS" time="19.416"/>
  <system-out/>
</testsuite> <!-- com.qateam.testcases.ContactUs_TC -->
