<?xml version="1.0" encoding="UTF-8"?>
<!-- Generated by org.testng.reporters.JUnitReportReporter -->
<testsuite hostname="ABHINAY" failures="0" tests="1" name="com.qateam.testbase.TestbaseClass" time="39.297" errors="0" timestamp="2022-01-17T20:23:06 IST" skipped="0">
  <testcase classname="com.qateam.testbase.TestbaseClass" name="setup" time="39.297"/>
  <system-out/>
</testsuite> <!-- com.qateam.testbase.TestbaseClass -->
